# JRE version: OpenJDK Runtime Environment Temurin-21.0.6+7 (21.0.6+7) (build 21.0.6+7-LTS)
# Java VM: OpenJDK 64-Bit Server VM Temurin-21.0.6+7 (21.0.6+7-LTS, mixed mode, sharing, tiered, compressed oops, compressed class ptrs, parallel gc, windows-amd64)
GC Precious Log:
 CardTable entry size: 512
 CPUs: 16 total, 16 available
 Memory: 16098M
 Large Page Support: Disabled
 NUMA Support: Disabled
 Compressed Oops: Enabled (32-bit)
 Alignments: Space 512K, Generation 512K, Heap 2M
 Heap Min Capacity: 100M
 Heap Initial Capacity: 100M
 Heap Max Capacity: 1G
 Pre-touch: Disabled
 Parallel Workers: 13
Heap:
 PSYoungGen      total 3584K, used 2974K [0x00000000eab00000, 0x00000000eaf80000, 0x0000000100000000)
  eden space 2560K, 94% used [0x00000000eab00000,0x00000000ead5f9e8,0x00000000ead80000)
  from space 1024K, 53% used [0x00000000eae80000,0x00000000eaf08000,0x00000000eaf80000)
  to   space 1024K, 0% used [0x00000000ead80000,0x00000000ead80000,0x00000000eae80000)
 ParOldGen       total 412672K, used 412363K [0x00000000c0000000, 0x00000000d9300000, 0x00000000eab00000)
  object space 412672K, 99% used [0x00000000c0000000,0x00000000d92b2fa0,0x00000000d9300000)
 Metaspace       used 49996K, committed 51136K, reserved 1114112K
  class space    used 5204K, committed 5696K, reserved 1048576K
GC Heap History (20 events):
Event: 15.543 GC heap before
{Heap before GC invocations=299 (full 2):
 PSYoungGen      total 3584K, used 3244K [0x00000000eab00000, 0x00000000eaf80000, 0x0000000100000000)
  eden space 2560K, 100% used [0x00000000eab00000,0x00000000ead80000,0x00000000ead80000)
  from space 1024K, 66% used [0x00000000eae80000,0x00000000eaf2b008,0x00000000eaf80000)
  to   space 1024K, 0% used [0x00000000ead80000,0x00000000ead80000,0x00000000eae80000)
 ParOldGen       total 408064K, used 407803K [0x00000000c0000000, 0x00000000d8e80000, 0x00000000eab00000)
  object space 408064K, 99% used [0x00000000c0000000,0x00000000d8e3ed60,0x00000000d8e80000)
 Metaspace       used 49996K, committed 51136K, reserved 1114112K
  class space    used 5204K, committed 5696K, reserved 1048576K
}
Event: 15.544 GC heap after
{Heap after GC invocations=299 (full 2):
 PSYoungGen      total 3584K, used 480K [0x00000000eab00000, 0x00000000eaf80000, 0x0000000100000000)
  eden space 2560K, 0% used [0x00000000eab00000,0x00000000eab00000,0x00000000ead80000)
  from space 1024K, 46% used [0x00000000ead80000,0x00000000eadf8000,0x00000000eae80000)
  to   space 1024K, 0% used [0x00000000eae80000,0x00000000eae80000,0x00000000eaf80000)
 ParOldGen       total 408576K, used 408287K [0x00000000c0000000, 0x00000000d8f00000, 0x00000000eab00000)
  object space 408576K, 99% used [0x00000000c0000000,0x00000000d8eb7d68,0x00000000d8f00000)
 Metaspace       used 49996K, committed 51136K, reserved 1114112K
  class space    used 5204K, committed 5696K, reserved 1048576K
}
Event: 15.550 GC heap before
{Heap before GC invocations=300 (full 2):
 PSYoungGen      total 3584K, used 3025K [0x00000000eab00000, 0x00000000eaf80000, 0x0000000100000000)
  eden space 2560K, 99% used [0x00000000eab00000,0x00000000ead7c620,0x00000000ead80000)
  from space 1024K, 46% used [0x00000000ead80000,0x00000000eadf8000,0x00000000eae80000)
  to   space 1024K, 0% used [0x00000000eae80000,0x00000000eae80000,0x00000000eaf80000)
 ParOldGen       total 408576K, used 408287K [0x00000000c0000000, 0x00000000d8f00000, 0x00000000eab00000)
  object space 408576K, 99% used [0x00000000c0000000,0x00000000d8eb7d68,0x00000000d8f00000)
 Metaspace       used 49996K, committed 51136K, reserved 1114112K
  class space    used 5204K, committed 5696K, reserved 1048576K
}
Event: 15.551 GC heap after
{Heap after GC invocations=300 (full 2):
 PSYoungGen      total 3072K, used 473K [0x00000000eab00000, 0x00000000eaf00000, 0x0000000100000000)
  eden space 2560K, 0% used [0x00000000eab00000,0x00000000eab00000,0x00000000ead80000)
  from space 512K, 92% used [0x00000000eae80000,0x00000000eaef6548,0x00000000eaf00000)
  to   space 512K, 0% used [0x00000000eae00000,0x00000000eae00000,0x00000000eae80000)
 ParOldGen       total 409088K, used 408631K [0x00000000c0000000, 0x00000000d8f80000, 0x00000000eab00000)
  object space 409088K, 99% used [0x00000000c0000000,0x00000000d8f0dd68,0x00000000d8f80000)
 Metaspace       used 49996K, committed 51136K, reserved 1114112K
  class space    used 5204K, committed 5696K, reserved 1048576K
}
Event: 15.555 GC heap before
{Heap before GC invocations=301 (full 2):
 PSYoungGen      total 3072K, used 3033K [0x00000000eab00000, 0x00000000eaf00000, 0x0000000100000000)
  eden space 2560K, 100% used [0x00000000eab00000,0x00000000ead80000,0x00000000ead80000)
  from space 512K, 92% used [0x00000000eae80000,0x00000000eaef6548,0x00000000eaf00000)
  to   space 512K, 0% used [0x00000000eae00000,0x00000000eae00000,0x00000000eae80000)
 ParOldGen       total 409088K, used 408631K [0x00000000c0000000, 0x00000000d8f80000, 0x00000000eab00000)
  object space 409088K, 99% used [0x00000000c0000000,0x00000000d8f0dd68,0x00000000d8f80000)
 Metaspace       used 49996K, committed 51136K, reserved 1114112K
  class space    used 5204K, committed 5696K, reserved 1048576K
}
Event: 15.556 GC heap after
{Heap after GC invocations=301 (full 2):
 PSYoungGen      total 3072K, used 480K [0x00000000eab00000, 0x00000000eaf00000, 0x0000000100000000)
  eden space 2560K, 0% used [0x00000000eab00000,0x00000000eab00000,0x00000000ead80000)
  from space 512K, 93% used [0x00000000eae00000,0x00000000eae78000,0x00000000eae80000)
  to   space 512K, 0% used [0x00000000eae80000,0x00000000eae80000,0x00000000eaf00000)
 ParOldGen       total 409088K, used 408943K [0x00000000c0000000, 0x00000000d8f80000, 0x00000000eab00000)
  object space 409088K, 99% used [0x00000000c0000000,0x00000000d8f5bd68,0x00000000d8f80000)
 Metaspace       used 49996K, committed 51136K, reserved 1114112K
  class space    used 5204K, committed 5696K, reserved 1048576K
}
Event: 15.561 GC heap before
{Heap before GC invocations=302 (full 2):
 PSYoungGen      total 3072K, used 3040K [0x00000000eab00000, 0x00000000eaf00000, 0x0000000100000000)
  eden space 2560K, 100% used [0x00000000eab00000,0x00000000ead80000,0x00000000ead80000)
  from space 512K, 93% used [0x00000000eae00000,0x00000000eae78000,0x00000000eae80000)
  to   space 512K, 0% used [0x00000000eae80000,0x00000000eae80000,0x00000000eaf00000)
 ParOldGen       total 409088K, used 408943K [0x00000000c0000000, 0x00000000d8f80000, 0x00000000eab00000)
  object space 409088K, 99% used [0x00000000c0000000,0x00000000d8f5bd68,0x00000000d8f80000)
 Metaspace       used 49996K, committed 51136K, reserved 1114112K
  class space    used 5204K, committed 5696K, reserved 1048576K
}
Event: 15.562 GC heap after
{Heap after GC invocations=302 (full 2):
 PSYoungGen      total 3072K, used 448K [0x00000000eab00000, 0x00000000eaf00000, 0x0000000100000000)
  eden space 2560K, 0% used [0x00000000eab00000,0x00000000eab00000,0x00000000ead80000)
  from space 512K, 87% used [0x00000000eae80000,0x00000000eaef0000,0x00000000eaf00000)
  to   space 512K, 0% used [0x00000000eae00000,0x00000000eae00000,0x00000000eae80000)
 ParOldGen       total 409600K, used 409239K [0x00000000c0000000, 0x00000000d9000000, 0x00000000eab00000)
  object space 409600K, 99% used [0x00000000c0000000,0x00000000d8fa5d68,0x00000000d9000000)
 Metaspace       used 49996K, committed 51136K, reserved 1114112K
  class space    used 5204K, committed 5696K, reserved 1048576K
}
Event: 15.567 GC heap before
{Heap before GC invocations=303 (full 2):
 PSYoungGen      total 3072K, used 3008K [0x00000000eab00000, 0x00000000eaf00000, 0x0000000100000000)
  eden space 2560K, 100% used [0x00000000eab00000,0x00000000ead80000,0x00000000ead80000)
  from space 512K, 87% used [0x00000000eae80000,0x00000000eaef0000,0x00000000eaf00000)
  to   space 512K, 0% used [0x00000000eae00000,0x00000000eae00000,0x00000000eae80000)
 ParOldGen       total 409600K, used 409239K [0x00000000c0000000, 0x00000000d9000000, 0x00000000eab00000)
  object space 409600K, 99% used [0x00000000c0000000,0x00000000d8fa5d68,0x00000000d9000000)
 Metaspace       used 49996K, committed 51136K, reserved 1114112K
  class space    used 5204K, committed 5696K, reserved 1048576K
}
Event: 15.567 GC heap after
{Heap after GC invocations=303 (full 2):
 PSYoungGen      total 3072K, used 485K [0x00000000eab00000, 0x00000000eaf80000, 0x0000000100000000)
  eden space 2560K, 0% used [0x00000000eab00000,0x00000000eab00000,0x00000000ead80000)
  from space 512K, 94% used [0x00000000eae00000,0x00000000eae79668,0x00000000eae80000)
  to   space 1024K, 0% used [0x00000000eae80000,0x00000000eae80000,0x00000000eaf80000)
 ParOldGen       total 409600K, used 409551K [0x00000000c0000000, 0x00000000d9000000, 0x00000000eab00000)
  object space 409600K, 99% used [0x00000000c0000000,0x00000000d8ff3d68,0x00000000d9000000)
 Metaspace       used 49996K, committed 51136K, reserved 1114112K
  class space    used 5204K, committed 5696K, reserved 1048576K
}
Event: 15.571 GC heap before
{Heap before GC invocations=304 (full 2):
 PSYoungGen      total 3072K, used 3045K [0x00000000eab00000, 0x00000000eaf80000, 0x0000000100000000)
  eden space 2560K, 100% used [0x00000000eab00000,0x00000000ead80000,0x00000000ead80000)
  from space 512K, 94% used [0x00000000eae00000,0x00000000eae79668,0x00000000eae80000)
  to   space 1024K, 0% used [0x00000000eae80000,0x00000000eae80000,0x00000000eaf80000)
 ParOldGen       total 409600K, used 409551K [0x00000000c0000000, 0x00000000d9000000, 0x00000000eab00000)
  object space 409600K, 99% used [0x00000000c0000000,0x00000000d8ff3d68,0x00000000d9000000)
 Metaspace       used 49996K, committed 51136K, reserved 1114112K
  class space    used 5204K, committed 5696K, reserved 1048576K
}
Event: 15.572 GC heap after
{Heap after GC invocations=304 (full 2):
 PSYoungGen      total 3584K, used 448K [0x00000000eab00000, 0x00000000eaf80000, 0x0000000100000000)
  eden space 2560K, 0% used [0x00000000eab00000,0x00000000eab00000,0x00000000ead80000)
  from space 1024K, 43% used [0x00000000eae80000,0x00000000eaef0000,0x00000000eaf80000)
  to   space 1024K, 0% used [0x00000000ead80000,0x00000000ead80000,0x00000000eae80000)
 ParOldGen       total 410112K, used 409855K [0x00000000c0000000, 0x00000000d9080000, 0x00000000eab00000)
  object space 410112K, 99% used [0x00000000c0000000,0x00000000d903fd68,0x00000000d9080000)
 Metaspace       used 49996K, committed 51136K, reserved 1114112K
  class space    used 5204K, committed 5696K, reserved 1048576K
}
Event: 15.576 GC heap before
{Heap before GC invocations=305 (full 2):
 PSYoungGen      total 3584K, used 3003K [0x00000000eab00000, 0x00000000eaf80000, 0x0000000100000000)
  eden space 2560K, 99% used [0x00000000eab00000,0x00000000ead7ed60,0x00000000ead80000)
  from space 1024K, 43% used [0x00000000eae80000,0x00000000eaef0000,0x00000000eaf80000)
  to   space 1024K, 0% used [0x00000000ead80000,0x00000000ead80000,0x00000000eae80000)
 ParOldGen       total 410112K, used 409855K [0x00000000c0000000, 0x00000000d9080000, 0x00000000eab00000)
  object space 410112K, 99% used [0x00000000c0000000,0x00000000d903fd68,0x00000000d9080000)
 Metaspace       used 49996K, committed 51136K, reserved 1114112K
  class space    used 5204K, committed 5696K, reserved 1048576K
}
Event: 15.577 GC heap after
{Heap after GC invocations=305 (full 2):
 PSYoungGen      total 3584K, used 560K [0x00000000eab00000, 0x00000000eaf80000, 0x0000000100000000)
  eden space 2560K, 0% used [0x00000000eab00000,0x00000000eab00000,0x00000000ead80000)
  from space 1024K, 54% used [0x00000000ead80000,0x00000000eae0c010,0x00000000eae80000)
  to   space 1024K, 0% used [0x00000000eae80000,0x00000000eae80000,0x00000000eaf80000)
 ParOldGen       total 410624K, used 410143K [0x00000000c0000000, 0x00000000d9100000, 0x00000000eab00000)
  object space 410624K, 99% used [0x00000000c0000000,0x00000000d9087d68,0x00000000d9100000)
 Metaspace       used 49996K, committed 51136K, reserved 1114112K
  class space    used 5204K, committed 5696K, reserved 1048576K
}
Event: 15.602 GC heap before
{Heap before GC invocations=306 (full 2):
 PSYoungGen      total 3584K, used 3120K [0x00000000eab00000, 0x00000000eaf80000, 0x0000000100000000)
  eden space 2560K, 100% used [0x00000000eab00000,0x00000000ead80000,0x00000000ead80000)
  from space 1024K, 54% used [0x00000000ead80000,0x00000000eae0c010,0x00000000eae80000)
  to   space 1024K, 0% used [0x00000000eae80000,0x00000000eae80000,0x00000000eaf80000)
 ParOldGen       total 410624K, used 410143K [0x00000000c0000000, 0x00000000d9100000, 0x00000000eab00000)
  object space 410624K, 99% used [0x00000000c0000000,0x00000000d9087d68,0x00000000d9100000)
 Metaspace       used 49996K, committed 51136K, reserved 1114112K
  class space    used 5204K, committed 5696K, reserved 1048576K
}
Event: 15.603 GC heap after
{Heap after GC invocations=306 (full 2):
 PSYoungGen      total 3072K, used 384K [0x00000000eab00000, 0x00000000eaf00000, 0x0000000100000000)
  eden space 2560K, 0% used [0x00000000eab00000,0x00000000eab00000,0x00000000ead80000)
  from space 512K, 75% used [0x00000000eae80000,0x00000000eaee0000,0x00000000eaf00000)
  to   space 512K, 0% used [0x00000000eae00000,0x00000000eae00000,0x00000000eae80000)
 ParOldGen       total 410624K, used 410470K [0x00000000c0000000, 0x00000000d9100000, 0x00000000eab00000)
  object space 410624K, 99% used [0x00000000c0000000,0x00000000d90d9870,0x00000000d9100000)
 Metaspace       used 49996K, committed 51136K, reserved 1114112K
  class space    used 5204K, committed 5696K, reserved 1048576K
}
Event: 15.620 GC heap before
{Heap before GC invocations=307 (full 2):
 PSYoungGen      total 3072K, used 2944K [0x00000000eab00000, 0x00000000eaf00000, 0x0000000100000000)
  eden space 2560K, 100% used [0x00000000eab00000,0x00000000ead80000,0x00000000ead80000)
  from space 512K, 75% used [0x00000000eae80000,0x00000000eaee0000,0x00000000eaf00000)
  to   space 512K, 0% used [0x00000000eae00000,0x00000000eae00000,0x00000000eae80000)
 ParOldGen       total 410624K, used 410470K [0x00000000c0000000, 0x00000000d9100000, 0x00000000eab00000)
  object space 410624K, 99% used [0x00000000c0000000,0x00000000d90d9870,0x00000000d9100000)
 Metaspace       used 49996K, committed 51136K, reserved 1114112K
  class space    used 5204K, committed 5696K, reserved 1048576K
}
Event: 15.620 GC heap after
{Heap after GC invocations=307 (full 2):
 PSYoungGen      total 3072K, used 508K [0x00000000eab00000, 0x00000000eaf80000, 0x0000000100000000)
  eden space 2560K, 0% used [0x00000000eab00000,0x00000000eab00000,0x00000000ead80000)
  from space 512K, 99% used [0x00000000eae00000,0x00000000eae7f298,0x00000000eae80000)
  to   space 1024K, 0% used [0x00000000eae80000,0x00000000eae80000,0x00000000eaf80000)
 ParOldGen       total 410624K, used 410566K [0x00000000c0000000, 0x00000000d9100000, 0x00000000eab00000)
  object space 410624K, 99% used [0x00000000c0000000,0x00000000d90f1870,0x00000000d9100000)
 Metaspace       used 49996K, committed 51136K, reserved 1114112K
  class space    used 5204K, committed 5696K, reserved 1048576K
}
Event: 15.626 GC heap before
{Heap before GC invocations=308 (full 2):
 PSYoungGen      total 3072K, used 3058K [0x00000000eab00000, 0x00000000eaf80000, 0x0000000100000000)
  eden space 2560K, 99% used [0x00000000eab00000,0x00000000ead7d5c0,0x00000000ead80000)
  from space 512K, 99% used [0x00000000eae00000,0x00000000eae7f298,0x00000000eae80000)
  to   space 1024K, 0% used [0x00000000eae80000,0x00000000eae80000,0x00000000eaf80000)
 ParOldGen       total 410624K, used 410566K [0x00000000c0000000, 0x00000000d9100000, 0x00000000eab00000)
  object space 410624K, 99% used [0x00000000c0000000,0x00000000d90f1870,0x00000000d9100000)
 Metaspace       used 49996K, committed 51136K, reserved 1114112K
  class space    used 5204K, committed 5696K, reserved 1048576K
}
Event: 15.672 GC heap after
{Heap after GC invocations=308 (full 2):
 PSYoungGen      total 3584K, used 576K [0x00000000eab00000, 0x00000000eb000000, 0x0000000100000000)
  eden space 2560K, 0% used [0x00000000eab00000,0x00000000eab00000,0x00000000ead80000)
  from space 1024K, 56% used [0x00000000eae80000,0x00000000eaf10000,0x00000000eaf80000)
  to   space 1024K, 0% used [0x00000000ead80000,0x00000000ead80000,0x00000000eae80000)
 ParOldGen       total 411136K, used 410917K [0x00000000c0000000, 0x00000000d9180000, 0x00000000eab00000)
  object space 411136K, 99% used [0x00000000c0000000,0x00000000d9149798,0x00000000d9180000)
 Metaspace       used 49996K, committed 51136K, reserved 1114112K
  class space    used 5204K, committed 5696K, reserved 1048576K
}

