# JRE version: OpenJDK Runtime Environment Temurin-21.0.6+7 (21.0.6+7) (build 21.0.6+7-LTS)
# Java VM: OpenJDK 64-Bit Server VM Temurin-21.0.6+7 (21.0.6+7-LTS, mixed mode, sharing, tiered, compressed oops, compressed class ptrs, parallel gc, windows-amd64)
GC Precious Log:
 CardTable entry size: 512
 CPUs: 16 total, 16 available
 Memory: 16098M
 Large Page Support: Disabled
 NUMA Support: Disabled
 Compressed Oops: Enabled (32-bit)
 Alignments: Space 512K, Generation 512K, Heap 2M
 Heap Min Capacity: 100M
 Heap Initial Capacity: 100M
 Heap Max Capacity: 1G
 Pre-touch: Disabled
 Parallel Workers: 13
Heap:
 PSYoungGen      total 19456K, used 18831K [0x00000000eab00000, 0x00000000ec080000, 0x0000000100000000)
  eden space 16896K, 100% used [0x00000000eab00000,0x00000000ebb80000,0x00000000ebb80000)
  from space 2560K, 75% used [0x00000000ebe00000,0x00000000ebfe3d58,0x00000000ec080000)
  to   space 2560K, 52% used [0x00000000ebb80000,0x00000000ebcd2f70,0x00000000ebe00000)
 ParOldGen       total 83968K, used 83965K [0x00000000c0000000, 0x00000000c5200000, 0x00000000eab00000)
  object space 83968K, 99% used [0x00000000c0000000,0x00000000c51ff5a0,0x00000000c5200000)
 Metaspace       used 50424K, committed 51648K, reserved 1114112K
  class space    used 5234K, committed 5696K, reserved 1048576K
GC Heap History (20 events):
Event: 8.542 GC heap after
{Heap after GC invocations=35 (full 2):
 PSYoungGen      total 20992K, used 1928K [0x00000000eab00000, 0x00000000ec380000, 0x0000000100000000)
  eden space 18944K, 0% used [0x00000000eab00000,0x00000000eab00000,0x00000000ebd80000)
  from space 2048K, 94% used [0x00000000ebd80000,0x00000000ebf621f0,0x00000000ebf80000)
  to   space 3072K, 0% used [0x00000000ec080000,0x00000000ec080000,0x00000000ec380000)
 ParOldGen       total 68608K, used 61491K [0x00000000c0000000, 0x00000000c4300000, 0x00000000eab00000)
  object space 68608K, 89% used [0x00000000c0000000,0x00000000c3c0cfc8,0x00000000c4300000)
 Metaspace       used 50368K, committed 51584K, reserved 1114112K
  class space    used 5229K, committed 5696K, reserved 1048576K
}
Event: 8.563 GC heap before
{Heap before GC invocations=36 (full 2):
 PSYoungGen      total 20992K, used 20872K [0x00000000eab00000, 0x00000000ec380000, 0x0000000100000000)
  eden space 18944K, 100% used [0x00000000eab00000,0x00000000ebd80000,0x00000000ebd80000)
  from space 2048K, 94% used [0x00000000ebd80000,0x00000000ebf621f0,0x00000000ebf80000)
  to   space 3072K, 0% used [0x00000000ec080000,0x00000000ec080000,0x00000000ec380000)
 ParOldGen       total 68608K, used 61491K [0x00000000c0000000, 0x00000000c4300000, 0x00000000eab00000)
  object space 68608K, 89% used [0x00000000c0000000,0x00000000c3c0cfc8,0x00000000c4300000)
 Metaspace       used 50369K, committed 51584K, reserved 1114112K
  class space    used 5229K, committed 5696K, reserved 1048576K
}
Event: 8.564 GC heap after
{Heap after GC invocations=36 (full 2):
 PSYoungGen      total 21504K, used 2354K [0x00000000eab00000, 0x00000000ec300000, 0x0000000100000000)
  eden space 18944K, 0% used [0x00000000eab00000,0x00000000eab00000,0x00000000ebd80000)
  from space 2560K, 91% used [0x00000000ec080000,0x00000000ec2ccb90,0x00000000ec300000)
  to   space 2560K, 0% used [0x00000000ebe00000,0x00000000ebe00000,0x00000000ec080000)
 ParOldGen       total 68608K, used 63217K [0x00000000c0000000, 0x00000000c4300000, 0x00000000eab00000)
  object space 68608K, 92% used [0x00000000c0000000,0x00000000c3dbc5d0,0x00000000c4300000)
 Metaspace       used 50369K, committed 51584K, reserved 1114112K
  class space    used 5229K, committed 5696K, reserved 1048576K
}
Event: 8.592 GC heap before
{Heap before GC invocations=37 (full 2):
 PSYoungGen      total 21504K, used 21298K [0x00000000eab00000, 0x00000000ec300000, 0x0000000100000000)
  eden space 18944K, 100% used [0x00000000eab00000,0x00000000ebd80000,0x00000000ebd80000)
  from space 2560K, 91% used [0x00000000ec080000,0x00000000ec2ccb90,0x00000000ec300000)
  to   space 2560K, 0% used [0x00000000ebe00000,0x00000000ebe00000,0x00000000ec080000)
 ParOldGen       total 68608K, used 63217K [0x00000000c0000000, 0x00000000c4300000, 0x00000000eab00000)
  object space 68608K, 92% used [0x00000000c0000000,0x00000000c3dbc5d0,0x00000000c4300000)
 Metaspace       used 50381K, committed 51584K, reserved 1114112K
  class space    used 5230K, committed 5696K, reserved 1048576K
}
Event: 8.593 GC heap after
{Heap after GC invocations=37 (full 2):
 PSYoungGen      total 21504K, used 2544K [0x00000000eab00000, 0x00000000ec880000, 0x0000000100000000)
  eden space 18944K, 0% used [0x00000000eab00000,0x00000000eab00000,0x00000000ebd80000)
  from space 2560K, 99% used [0x00000000ebe00000,0x00000000ec07c0a8,0x00000000ec080000)
  to   space 5632K, 0% used [0x00000000ec300000,0x00000000ec300000,0x00000000ec880000)
 ParOldGen       total 68608K, used 65655K [0x00000000c0000000, 0x00000000c4300000, 0x00000000eab00000)
  object space 68608K, 95% used [0x00000000c0000000,0x00000000c401de80,0x00000000c4300000)
 Metaspace       used 50381K, committed 51584K, reserved 1114112K
  class space    used 5230K, committed 5696K, reserved 1048576K
}
Event: 8.618 GC heap before
{Heap before GC invocations=38 (full 2):
 PSYoungGen      total 21504K, used 21488K [0x00000000eab00000, 0x00000000ec880000, 0x0000000100000000)
  eden space 18944K, 100% used [0x00000000eab00000,0x00000000ebd80000,0x00000000ebd80000)
  from space 2560K, 99% used [0x00000000ebe00000,0x00000000ec07c0a8,0x00000000ec080000)
  to   space 5632K, 0% used [0x00000000ec300000,0x00000000ec300000,0x00000000ec880000)
 ParOldGen       total 68608K, used 65655K [0x00000000c0000000, 0x00000000c4300000, 0x00000000eab00000)
  object space 68608K, 95% used [0x00000000c0000000,0x00000000c401de80,0x00000000c4300000)
 Metaspace       used 50381K, committed 51584K, reserved 1114112K
  class space    used 5230K, committed 5696K, reserved 1048576K
}
Event: 8.619 GC heap after
{Heap after GC invocations=38 (full 2):
 PSYoungGen      total 22528K, used 3277K [0x00000000eab00000, 0x00000000ec680000, 0x0000000100000000)
  eden space 18944K, 0% used [0x00000000eab00000,0x00000000eab00000,0x00000000ebd80000)
  from space 3584K, 91% used [0x00000000ec300000,0x00000000ec633450,0x00000000ec680000)
  to   space 4096K, 0% used [0x00000000ebe80000,0x00000000ebe80000,0x00000000ec280000)
 ParOldGen       total 68608K, used 68141K [0x00000000c0000000, 0x00000000c4300000, 0x00000000eab00000)
  object space 68608K, 99% used [0x00000000c0000000,0x00000000c428b538,0x00000000c4300000)
 Metaspace       used 50381K, committed 51584K, reserved 1114112K
  class space    used 5230K, committed 5696K, reserved 1048576K
}
Event: 8.652 GC heap before
{Heap before GC invocations=39 (full 2):
 PSYoungGen      total 22528K, used 22221K [0x00000000eab00000, 0x00000000ec680000, 0x0000000100000000)
  eden space 18944K, 100% used [0x00000000eab00000,0x00000000ebd80000,0x00000000ebd80000)
  from space 3584K, 91% used [0x00000000ec300000,0x00000000ec633450,0x00000000ec680000)
  to   space 4096K, 0% used [0x00000000ebe80000,0x00000000ebe80000,0x00000000ec280000)
 ParOldGen       total 68608K, used 68141K [0x00000000c0000000, 0x00000000c4300000, 0x00000000eab00000)
  object space 68608K, 99% used [0x00000000c0000000,0x00000000c428b538,0x00000000c4300000)
 Metaspace       used 50381K, committed 51584K, reserved 1114112K
  class space    used 5230K, committed 5696K, reserved 1048576K
}
Event: 8.654 GC heap after
{Heap after GC invocations=39 (full 2):
 PSYoungGen      total 22528K, used 3263K [0x00000000eab00000, 0x00000000ec480000, 0x0000000100000000)
  eden space 18944K, 0% used [0x00000000eab00000,0x00000000eab00000,0x00000000ebd80000)
  from space 3584K, 91% used [0x00000000ebe80000,0x00000000ec1afc80,0x00000000ec200000)
  to   space 2560K, 0% used [0x00000000ec200000,0x00000000ec200000,0x00000000ec480000)
 ParOldGen       total 71680K, used 71173K [0x00000000c0000000, 0x00000000c4600000, 0x00000000eab00000)
  object space 71680K, 99% used [0x00000000c0000000,0x00000000c45815f0,0x00000000c4600000)
 Metaspace       used 50381K, committed 51584K, reserved 1114112K
  class space    used 5230K, committed 5696K, reserved 1048576K
}
Event: 8.691 GC heap before
{Heap before GC invocations=40 (full 2):
 PSYoungGen      total 22528K, used 22207K [0x00000000eab00000, 0x00000000ec480000, 0x0000000100000000)
  eden space 18944K, 100% used [0x00000000eab00000,0x00000000ebd80000,0x00000000ebd80000)
  from space 3584K, 91% used [0x00000000ebe80000,0x00000000ec1afc80,0x00000000ec200000)
  to   space 2560K, 0% used [0x00000000ec200000,0x00000000ec200000,0x00000000ec480000)
 ParOldGen       total 71680K, used 71173K [0x00000000c0000000, 0x00000000c4600000, 0x00000000eab00000)
  object space 71680K, 99% used [0x00000000c0000000,0x00000000c45815f0,0x00000000c4600000)
 Metaspace       used 50385K, committed 51584K, reserved 1114112K
  class space    used 5230K, committed 5696K, reserved 1048576K
}
Event: 8.695 GC heap after
{Heap after GC invocations=40 (full 2):
 PSYoungGen      total 19456K, used 2547K [0x00000000eab00000, 0x00000000eca80000, 0x0000000100000000)
  eden space 16896K, 0% used [0x00000000eab00000,0x00000000eab00000,0x00000000ebb80000)
  from space 2560K, 99% used [0x00000000ec200000,0x00000000ec47cc48,0x00000000ec480000)
  to   space 6656K, 0% used [0x00000000ebb80000,0x00000000ebb80000,0x00000000ec200000)
 ParOldGen       total 74752K, used 74442K [0x00000000c0000000, 0x00000000c4900000, 0x00000000eab00000)
  object space 74752K, 99% used [0x00000000c0000000,0x00000000c48b2868,0x00000000c4900000)
 Metaspace       used 50385K, committed 51584K, reserved 1114112K
  class space    used 5230K, committed 5696K, reserved 1048576K
}
Event: 8.721 GC heap before
{Heap before GC invocations=41 (full 2):
 PSYoungGen      total 19456K, used 19443K [0x00000000eab00000, 0x00000000eca80000, 0x0000000100000000)
  eden space 16896K, 100% used [0x00000000eab00000,0x00000000ebb80000,0x00000000ebb80000)
  from space 2560K, 99% used [0x00000000ec200000,0x00000000ec47cc48,0x00000000ec480000)
  to   space 6656K, 0% used [0x00000000ebb80000,0x00000000ebb80000,0x00000000ec200000)
 ParOldGen       total 74752K, used 74442K [0x00000000c0000000, 0x00000000c4900000, 0x00000000eab00000)
  object space 74752K, 99% used [0x00000000c0000000,0x00000000c48b2868,0x00000000c4900000)
 Metaspace       used 50389K, committed 51584K, reserved 1114112K
  class space    used 5230K, committed 5696K, reserved 1048576K
}
Event: 8.723 GC heap after
{Heap after GC invocations=41 (full 2):
 PSYoungGen      total 18944K, used 1786K [0x00000000eab00000, 0x00000000ec280000, 0x0000000100000000)
  eden space 16896K, 0% used [0x00000000eab00000,0x00000000eab00000,0x00000000ebb80000)
  from space 2048K, 87% used [0x00000000ebb80000,0x00000000ebd3e828,0x00000000ebd80000)
  to   space 3584K, 0% used [0x00000000ebf00000,0x00000000ebf00000,0x00000000ec280000)
 ParOldGen       total 77312K, used 76887K [0x00000000c0000000, 0x00000000c4b80000, 0x00000000eab00000)
  object space 77312K, 99% used [0x00000000c0000000,0x00000000c4b15dd0,0x00000000c4b80000)
 Metaspace       used 50389K, committed 51584K, reserved 1114112K
  class space    used 5230K, committed 5696K, reserved 1048576K
}
Event: 8.754 GC heap before
{Heap before GC invocations=42 (full 2):
 PSYoungGen      total 18944K, used 18682K [0x00000000eab00000, 0x00000000ec280000, 0x0000000100000000)
  eden space 16896K, 100% used [0x00000000eab00000,0x00000000ebb80000,0x00000000ebb80000)
  from space 2048K, 87% used [0x00000000ebb80000,0x00000000ebd3e828,0x00000000ebd80000)
  to   space 3584K, 0% used [0x00000000ebf00000,0x00000000ebf00000,0x00000000ec280000)
 ParOldGen       total 77312K, used 76887K [0x00000000c0000000, 0x00000000c4b80000, 0x00000000eab00000)
  object space 77312K, 99% used [0x00000000c0000000,0x00000000c4b15dd0,0x00000000c4b80000)
 Metaspace       used 50398K, committed 51584K, reserved 1114112K
  class space    used 5230K, committed 5696K, reserved 1048576K
}
Event: 8.757 GC heap after
{Heap after GC invocations=42 (full 2):
 PSYoungGen      total 19456K, used 2473K [0x00000000eab00000, 0x00000000ec180000, 0x0000000100000000)
  eden space 16896K, 0% used [0x00000000eab00000,0x00000000eab00000,0x00000000ebb80000)
  from space 2560K, 96% used [0x00000000ebf00000,0x00000000ec16a778,0x00000000ec180000)
  to   space 3072K, 0% used [0x00000000ebb80000,0x00000000ebb80000,0x00000000ebe80000)
 ParOldGen       total 78848K, used 78355K [0x00000000c0000000, 0x00000000c4d00000, 0x00000000eab00000)
  object space 78848K, 99% used [0x00000000c0000000,0x00000000c4c84c60,0x00000000c4d00000)
 Metaspace       used 50398K, committed 51584K, reserved 1114112K
  class space    used 5230K, committed 5696K, reserved 1048576K
}
Event: 8.796 GC heap before
{Heap before GC invocations=43 (full 2):
 PSYoungGen      total 19456K, used 19369K [0x00000000eab00000, 0x00000000ec180000, 0x0000000100000000)
  eden space 16896K, 100% used [0x00000000eab00000,0x00000000ebb80000,0x00000000ebb80000)
  from space 2560K, 96% used [0x00000000ebf00000,0x00000000ec16a778,0x00000000ec180000)
  to   space 3072K, 0% used [0x00000000ebb80000,0x00000000ebb80000,0x00000000ebe80000)
 ParOldGen       total 78848K, used 78355K [0x00000000c0000000, 0x00000000c4d00000, 0x00000000eab00000)
  object space 78848K, 99% used [0x00000000c0000000,0x00000000c4c84c60,0x00000000c4d00000)
 Metaspace       used 50399K, committed 51584K, reserved 1114112K
  class space    used 5230K, committed 5696K, reserved 1048576K
}
Event: 8.800 GC heap after
{Heap after GC invocations=43 (full 2):
 PSYoungGen      total 19456K, used 2276K [0x00000000eab00000, 0x00000000ec080000, 0x0000000100000000)
  eden space 16896K, 0% used [0x00000000eab00000,0x00000000eab00000,0x00000000ebb80000)
  from space 2560K, 88% used [0x00000000ebb80000,0x00000000ebdb9068,0x00000000ebe00000)
  to   space 2560K, 0% used [0x00000000ebe00000,0x00000000ebe00000,0x00000000ec080000)
 ParOldGen       total 81408K, used 81259K [0x00000000c0000000, 0x00000000c4f80000, 0x00000000eab00000)
  object space 81408K, 99% used [0x00000000c0000000,0x00000000c4f5ace0,0x00000000c4f80000)
 Metaspace       used 50399K, committed 51584K, reserved 1114112K
  class space    used 5230K, committed 5696K, reserved 1048576K
}
Event: 8.829 GC heap before
{Heap before GC invocations=44 (full 2):
 PSYoungGen      total 19456K, used 19172K [0x00000000eab00000, 0x00000000ec080000, 0x0000000100000000)
  eden space 16896K, 100% used [0x00000000eab00000,0x00000000ebb80000,0x00000000ebb80000)
  from space 2560K, 88% used [0x00000000ebb80000,0x00000000ebdb9068,0x00000000ebe00000)
  to   space 2560K, 0% used [0x00000000ebe00000,0x00000000ebe00000,0x00000000ec080000)
 ParOldGen       total 81408K, used 81259K [0x00000000c0000000, 0x00000000c4f80000, 0x00000000eab00000)
  object space 81408K, 99% used [0x00000000c0000000,0x00000000c4f5ace0,0x00000000c4f80000)
 Metaspace       used 50424K, committed 51648K, reserved 1114112K
  class space    used 5234K, committed 5696K, reserved 1048576K
}
Event: 8.831 GC heap after
{Heap after GC invocations=44 (full 2):
 PSYoungGen      total 19456K, used 1935K [0x00000000eab00000, 0x00000000ec080000, 0x0000000100000000)
  eden space 16896K, 0% used [0x00000000eab00000,0x00000000eab00000,0x00000000ebb80000)
  from space 2560K, 75% used [0x00000000ebe00000,0x00000000ebfe3d58,0x00000000ec080000)
  to   space 2560K, 0% used [0x00000000ebb80000,0x00000000ebb80000,0x00000000ebe00000)
 ParOldGen       total 83456K, used 83215K [0x00000000c0000000, 0x00000000c5180000, 0x00000000eab00000)
  object space 83456K, 99% used [0x00000000c0000000,0x00000000c5143fd8,0x00000000c5180000)
 Metaspace       used 50424K, committed 51648K, reserved 1114112K
  class space    used 5234K, committed 5696K, reserved 1048576K
}
Event: 8.858 GC heap before
{Heap before GC invocations=45 (full 2):
 PSYoungGen      total 19456K, used 18831K [0x00000000eab00000, 0x00000000ec080000, 0x0000000100000000)
  eden space 16896K, 100% used [0x00000000eab00000,0x00000000ebb80000,0x00000000ebb80000)
  from space 2560K, 75% used [0x00000000ebe00000,0x00000000ebfe3d58,0x00000000ec080000)
  to   space 2560K, 0% used [0x00000000ebb80000,0x00000000ebb80000,0x00000000ebe00000)
 ParOldGen       total 83456K, used 83215K [0x00000000c0000000, 0x00000000c5180000, 0x00000000eab00000)
  object space 83456K, 99% used [0x00000000c0000000,0x00000000c5143fd8,0x00000000c5180000)
 Metaspace       used 50424K, committed 51648K, reserved 1114112K
  class space    used 5234K, committed 5696K, reserved 1048576K
}

