# JRE version: Java(TM) SE Runtime Environment (17.0.11+7) (build 17.0.11+7-LTS-207)
# Java VM: Java HotSpot(TM) 64-Bit Server VM (17.0.11+7-LTS-207, mixed mode, sharing, tiered, compressed oops, compressed class ptrs, g1 gc, windows-amd64)
GC Precious Log:
 CPUs: 16 total, 16 available
 Memory: 16098M
 Large Page Support: Disabled
 NUMA Support: Disabled
 Compressed Oops: Enabled (Zero based)
 Heap Region Size: 2M
 Heap Min Capacity: 8M
 Heap Initial Capacity: 252M
 Heap Max Capacity: 4026M
 Pre-touch: Disabled
 Parallel Workers: 13
 Concurrent Workers: 3
 Concurrent Refinement Workers: 13
 Periodic GC: Disabled
Heap:
 garbage-first heap   total 233472K, used 90661K [0x0000000704600000, 0x0000000800000000)
  region size 2048K, 15 young (30720K), 1 survivors (2048K)
 Metaspace       used 98609K, committed 99712K, reserved 1179648K
  class space    used 13131K, committed 13632K, reserved 1048576K
GC Heap History (20 events):
Event: 7.912 GC heap before
{Heap before GC invocations=20 (full 0):
 garbage-first heap   total 110592K, used 85041K [0x0000000704600000, 0x0000000800000000)
  region size 2048K, 24 young (49152K), 4 survivors (8192K)
 Metaspace       used 76176K, committed 76800K, reserved 1179648K
  class space    used 9933K, committed 10240K, reserved 1048576K
}
Event: 7.915 GC heap after
{Heap after GC invocations=21 (full 0):
 garbage-first heap   total 110592K, used 47836K [0x0000000704600000, 0x0000000800000000)
  region size 2048K, 2 young (4096K), 2 survivors (4096K)
 Metaspace       used 76176K, committed 76800K, reserved 1179648K
  class space    used 9933K, committed 10240K, reserved 1048576K
}
Event: 8.429 GC heap before
{Heap before GC invocations=21 (full 0):
 garbage-first heap   total 110592K, used 86748K [0x0000000704600000, 0x0000000800000000)
  region size 2048K, 21 young (43008K), 2 survivors (4096K)
 Metaspace       used 81535K, committed 82176K, reserved 1179648K
  class space    used 10855K, committed 11200K, reserved 1048576K
}
Event: 8.431 GC heap after
{Heap after GC invocations=22 (full 0):
 garbage-first heap   total 110592K, used 51583K [0x0000000704600000, 0x0000000800000000)
  region size 2048K, 2 young (4096K), 2 survivors (4096K)
 Metaspace       used 81535K, committed 82176K, reserved 1179648K
  class space    used 10855K, committed 11200K, reserved 1048576K
}
Event: 9.160 GC heap before
{Heap before GC invocations=22 (full 0):
 garbage-first heap   total 110592K, used 86399K [0x0000000704600000, 0x0000000800000000)
  region size 2048K, 19 young (38912K), 2 survivors (4096K)
 Metaspace       used 85010K, committed 85696K, reserved 1179648K
  class space    used 11366K, committed 11712K, reserved 1048576K
}
Event: 9.163 GC heap after
{Heap after GC invocations=23 (full 0):
 garbage-first heap   total 110592K, used 54746K [0x0000000704600000, 0x0000000800000000)
  region size 2048K, 2 young (4096K), 2 survivors (4096K)
 Metaspace       used 85010K, committed 85696K, reserved 1179648K
  class space    used 11366K, committed 11712K, reserved 1048576K
}
Event: 11.598 GC heap before
{Heap before GC invocations=24 (full 0):
 garbage-first heap   total 110592K, used 83418K [0x0000000704600000, 0x0000000800000000)
  region size 2048K, 17 young (34816K), 2 survivors (4096K)
 Metaspace       used 88164K, committed 88960K, reserved 1179648K
  class space    used 11842K, committed 12224K, reserved 1048576K
}
Event: 11.601 GC heap after
{Heap after GC invocations=25 (full 0):
 garbage-first heap   total 110592K, used 56767K [0x0000000704600000, 0x0000000800000000)
  region size 2048K, 3 young (6144K), 3 survivors (6144K)
 Metaspace       used 88164K, committed 88960K, reserved 1179648K
  class space    used 11842K, committed 12224K, reserved 1048576K
}
Event: 14.049 GC heap before
{Heap before GC invocations=25 (full 0):
 garbage-first heap   total 110592K, used 85439K [0x0000000704600000, 0x0000000800000000)
  region size 2048K, 17 young (34816K), 3 survivors (6144K)
 Metaspace       used 91457K, committed 92224K, reserved 1179648K
  class space    used 12254K, committed 12672K, reserved 1048576K
}
Event: 14.052 GC heap after
{Heap after GC invocations=26 (full 0):
 garbage-first heap   total 110592K, used 60665K [0x0000000704600000, 0x0000000800000000)
  region size 2048K, 3 young (6144K), 3 survivors (6144K)
 Metaspace       used 91457K, committed 92224K, reserved 1179648K
  class space    used 12254K, committed 12672K, reserved 1048576K
}
Event: 14.424 GC heap before
{Heap before GC invocations=27 (full 0):
 garbage-first heap   total 112640K, used 85241K [0x0000000704600000, 0x0000000800000000)
  region size 2048K, 16 young (32768K), 3 survivors (6144K)
 Metaspace       used 94060K, committed 94848K, reserved 1179648K
  class space    used 12615K, committed 12992K, reserved 1048576K
}
Event: 14.427 GC heap after
{Heap after GC invocations=28 (full 0):
 garbage-first heap   total 112640K, used 62964K [0x0000000704600000, 0x0000000800000000)
  region size 2048K, 2 young (4096K), 2 survivors (4096K)
 Metaspace       used 94060K, committed 94848K, reserved 1179648K
  class space    used 12615K, committed 12992K, reserved 1048576K
}
Event: 14.434 GC heap before
{Heap before GC invocations=28 (full 0):
 garbage-first heap   total 112640K, used 65012K [0x0000000704600000, 0x0000000800000000)
  region size 2048K, 3 young (6144K), 2 survivors (4096K)
 Metaspace       used 94066K, committed 94848K, reserved 1179648K
  class space    used 12616K, committed 12992K, reserved 1048576K
}
Event: 14.438 GC heap after
{Heap after GC invocations=29 (full 0):
 garbage-first heap   total 112640K, used 61338K [0x0000000704600000, 0x0000000800000000)
  region size 2048K, 1 young (2048K), 1 survivors (2048K)
 Metaspace       used 94066K, committed 94848K, reserved 1179648K
  class space    used 12616K, committed 12992K, reserved 1048576K
}
Event: 14.594 GC heap before
{Heap before GC invocations=29 (full 0):
 garbage-first heap   total 112640K, used 69530K [0x0000000704600000, 0x0000000800000000)
  region size 2048K, 7 young (14336K), 1 survivors (2048K)
 Metaspace       used 95170K, committed 96000K, reserved 1179648K
  class space    used 12778K, committed 13184K, reserved 1048576K
}
Event: 14.595 GC heap after
{Heap after GC invocations=30 (full 0):
 garbage-first heap   total 112640K, used 63429K [0x0000000704600000, 0x0000000800000000)
  region size 2048K, 2 young (4096K), 2 survivors (4096K)
 Metaspace       used 95170K, committed 96000K, reserved 1179648K
  class space    used 12778K, committed 13184K, reserved 1048576K
}
Event: 14.796 GC heap before
{Heap before GC invocations=31 (full 0):
 garbage-first heap   total 116736K, used 90053K [0x0000000704600000, 0x0000000800000000)
  region size 2048K, 14 young (28672K), 2 survivors (4096K)
 Metaspace       used 97167K, committed 98048K, reserved 1179648K
  class space    used 12937K, committed 13376K, reserved 1048576K
}
Event: 14.798 GC heap after
{Heap after GC invocations=32 (full 0):
 garbage-first heap   total 116736K, used 64897K [0x0000000704600000, 0x0000000800000000)
  region size 2048K, 2 young (4096K), 2 survivors (4096K)
 Metaspace       used 97167K, committed 98048K, reserved 1179648K
  class space    used 12937K, committed 13376K, reserved 1048576K
}
Event: 14.834 GC heap before
{Heap before GC invocations=32 (full 0):
 garbage-first heap   total 116736K, used 66945K [0x0000000704600000, 0x0000000800000000)
  region size 2048K, 3 young (6144K), 2 survivors (4096K)
 Metaspace       used 97298K, committed 98176K, reserved 1179648K
  class space    used 12960K, committed 13376K, reserved 1048576K
}
Event: 14.837 GC heap after
{Heap after GC invocations=33 (full 0):
 garbage-first heap   total 233472K, used 64037K [0x0000000704600000, 0x0000000800000000)
  region size 2048K, 1 young (2048K), 1 survivors (2048K)
 Metaspace       used 97298K, committed 98176K, reserved 1179648K
  class space    used 12960K, committed 13376K, reserved 1048576K
}

