# JRE version: Java(TM) SE Runtime Environment (17.0.11+7) (build 17.0.11+7-LTS-207)
# Java VM: Java HotSpot(TM) 64-Bit Server VM (17.0.11+7-LTS-207, mixed mode, sharing, tiered, compressed oops, compressed class ptrs, g1 gc, windows-amd64)
GC Precious Log:
 CPUs: 16 total, 16 available
 Memory: 16098M
 Large Page Support: Disabled
 NUMA Support: Disabled
 Compressed Oops: Enabled (Zero based)
 Heap Region Size: 2M
 Heap Min Capacity: 8M
 Heap Initial Capacity: 252M
 Heap Max Capacity: 4026M
 Pre-touch: Disabled
 Parallel Workers: 13
 Concurrent Workers: 3
 Concurrent Refinement Workers: 13
 Periodic GC: Disabled
Heap:
 garbage-first heap   total 161792K, used 123247K [0x0000000704600000, 0x0000000800000000)
  region size 2048K, 35 young (71680K), 4 survivors (8192K)
 Metaspace       used 98941K, committed 99968K, reserved 1179648K
  class space    used 13144K, committed 13632K, reserved 1048576K
GC Heap History (20 events):
Event: 5.347 GC heap before
{Heap before GC invocations=14 (full 0):
 garbage-first heap   total 94208K, used 71986K [0x0000000704600000, 0x0000000800000000)
  region size 2048K, 21 young (43008K), 1 survivors (2048K)
 Metaspace       used 49794K, committed 50240K, reserved 1114112K
  class space    used 6466K, committed 6656K, reserved 1048576K
}
Event: 5.349 GC heap after
{Heap after GC invocations=15 (full 0):
 garbage-first heap   total 94208K, used 32331K [0x0000000704600000, 0x0000000800000000)
  region size 2048K, 2 young (4096K), 2 survivors (4096K)
 Metaspace       used 49794K, committed 50240K, reserved 1114112K
  class space    used 6466K, committed 6656K, reserved 1048576K
}
Event: 5.870 GC heap before
{Heap before GC invocations=15 (full 0):
 garbage-first heap   total 94208K, used 71243K [0x0000000704600000, 0x0000000800000000)
  region size 2048K, 21 young (43008K), 2 survivors (4096K)
 Metaspace       used 56817K, committed 57280K, reserved 1114112K
  class space    used 7350K, committed 7552K, reserved 1048576K
}
Event: 5.873 GC heap after
{Heap after GC invocations=16 (full 0):
 garbage-first heap   total 94208K, used 35869K [0x0000000704600000, 0x0000000800000000)
  region size 2048K, 3 young (6144K), 3 survivors (6144K)
 Metaspace       used 56817K, committed 57280K, reserved 1114112K
  class space    used 7350K, committed 7552K, reserved 1048576K
}
Event: 6.033 GC heap before
{Heap before GC invocations=16 (full 0):
 garbage-first heap   total 94208K, used 52253K [0x0000000704600000, 0x0000000800000000)
  region size 2048K, 12 young (24576K), 3 survivors (6144K)
 Metaspace       used 59670K, committed 60096K, reserved 1114112K
  class space    used 7647K, committed 7872K, reserved 1048576K
}
Event: 6.036 GC heap after
{Heap after GC invocations=17 (full 0):
 garbage-first heap   total 94208K, used 36728K [0x0000000704600000, 0x0000000800000000)
  region size 2048K, 1 young (2048K), 1 survivors (2048K)
 Metaspace       used 59670K, committed 60096K, reserved 1114112K
  class space    used 7647K, committed 7872K, reserved 1048576K
}
Event: 6.412 GC heap before
{Heap before GC invocations=18 (full 0):
 garbage-first heap   total 94208K, used 73592K [0x0000000704600000, 0x0000000800000000)
  region size 2048K, 19 young (38912K), 1 survivors (2048K)
 Metaspace       used 64289K, committed 64832K, reserved 1114112K
  class space    used 8513K, committed 8768K, reserved 1048576K
}
Event: 6.414 GC heap after
{Heap after GC invocations=19 (full 0):
 garbage-first heap   total 94208K, used 37132K [0x0000000704600000, 0x0000000800000000)
  region size 2048K, 1 young (2048K), 1 survivors (2048K)
 Metaspace       used 64289K, committed 64832K, reserved 1114112K
  class space    used 8513K, committed 8768K, reserved 1048576K
}
Event: 6.428 GC heap before
{Heap before GC invocations=19 (full 0):
 garbage-first heap   total 94208K, used 39180K [0x0000000704600000, 0x0000000800000000)
  region size 2048K, 2 young (4096K), 1 survivors (2048K)
 Metaspace       used 64324K, committed 64832K, reserved 1114112K
  class space    used 8514K, committed 8768K, reserved 1048576K
}
Event: 6.431 GC heap after
{Heap after GC invocations=20 (full 0):
 garbage-first heap   total 94208K, used 36842K [0x0000000704600000, 0x0000000800000000)
  region size 2048K, 1 young (2048K), 1 survivors (2048K)
 Metaspace       used 64324K, committed 64832K, reserved 1114112K
  class space    used 8514K, committed 8768K, reserved 1048576K
}
Event: 6.652 GC heap before
{Heap before GC invocations=20 (full 0):
 garbage-first heap   total 94208K, used 73706K [0x0000000704600000, 0x0000000800000000)
  region size 2048K, 19 young (38912K), 1 survivors (2048K)
 Metaspace       used 66072K, committed 66560K, reserved 1114112K
  class space    used 8735K, committed 8960K, reserved 1048576K
}
Event: 6.653 GC heap after
{Heap after GC invocations=21 (full 0):
 garbage-first heap   total 94208K, used 37494K [0x0000000704600000, 0x0000000800000000)
  region size 2048K, 1 young (2048K), 1 survivors (2048K)
 Metaspace       used 66072K, committed 66560K, reserved 1114112K
  class space    used 8735K, committed 8960K, reserved 1048576K
}
Event: 7.538 GC heap before
{Heap before GC invocations=22 (full 0):
 garbage-first heap   total 94208K, used 76406K [0x0000000704600000, 0x0000000800000000)
  region size 2048K, 20 young (40960K), 1 survivors (2048K)
 Metaspace       used 72016K, committed 72576K, reserved 1114112K
  class space    used 9533K, committed 9792K, reserved 1048576K
}
Event: 7.541 GC heap after
{Heap after GC invocations=23 (full 0):
 garbage-first heap   total 161792K, used 40272K [0x0000000704600000, 0x0000000800000000)
  region size 2048K, 3 young (6144K), 3 survivors (6144K)
 Metaspace       used 72016K, committed 72576K, reserved 1114112K
  class space    used 9533K, committed 9792K, reserved 1048576K
}
Event: 8.715 GC heap before
{Heap before GC invocations=23 (full 0):
 garbage-first heap   total 161792K, used 126288K [0x0000000704600000, 0x0000000800000000)
  region size 2048K, 45 young (92160K), 3 survivors (6144K)
 Metaspace       used 78494K, committed 79168K, reserved 1179648K
  class space    used 10302K, committed 10624K, reserved 1048576K
}
Event: 8.719 GC heap after
{Heap after GC invocations=24 (full 0):
 garbage-first heap   total 161792K, used 48067K [0x0000000704600000, 0x0000000800000000)
  region size 2048K, 6 young (12288K), 6 survivors (12288K)
 Metaspace       used 78494K, committed 79168K, reserved 1179648K
  class space    used 10302K, committed 10624K, reserved 1048576K
}
Event: 10.016 GC heap before
{Heap before GC invocations=24 (full 0):
 garbage-first heap   total 161792K, used 123843K [0x0000000704600000, 0x0000000800000000)
  region size 2048K, 43 young (88064K), 6 survivors (12288K)
 Metaspace       used 86006K, committed 86656K, reserved 1179648K
  class space    used 11530K, committed 11840K, reserved 1048576K
}
Event: 10.022 GC heap after
{Heap after GC invocations=25 (full 0):
 garbage-first heap   total 161792K, used 54396K [0x0000000704600000, 0x0000000800000000)
  region size 2048K, 4 young (8192K), 4 survivors (8192K)
 Metaspace       used 86006K, committed 86656K, reserved 1179648K
  class space    used 11530K, committed 11840K, reserved 1048576K
}
Event: 12.877 GC heap before
{Heap before GC invocations=25 (full 0):
 garbage-first heap   total 161792K, used 126076K [0x0000000704600000, 0x0000000800000000)
  region size 2048K, 39 young (79872K), 4 survivors (8192K)
 Metaspace       used 94457K, committed 95360K, reserved 1179648K
  class space    used 12650K, committed 13056K, reserved 1048576K
}
Event: 12.882 GC heap after
{Heap after GC invocations=26 (full 0):
 garbage-first heap   total 161792K, used 61807K [0x0000000704600000, 0x0000000800000000)
  region size 2048K, 4 young (8192K), 4 survivors (8192K)
 Metaspace       used 94457K, committed 95360K, reserved 1179648K
  class space    used 12650K, committed 13056K, reserved 1048576K
}

