# JRE version: Java(TM) SE Runtime Environment (17.0.11+7) (build 17.0.11+7-LTS-207)
# Java VM: Java HotSpot(TM) 64-Bit Server VM (17.0.11+7-LTS-207, mixed mode, sharing, tiered, compressed oops, compressed class ptrs, g1 gc, windows-amd64)
GC Precious Log:
 CPUs: 16 total, 16 available
 Memory: 16098M
 Large Page Support: Disabled
 NUMA Support: Disabled
 Compressed Oops: Enabled (Zero based)
 Heap Region Size: 2M
 Heap Min Capacity: 8M
 Heap Initial Capacity: 252M
 Heap Max Capacity: 4026M
 Pre-touch: Disabled
 Parallel Workers: 13
 Concurrent Workers: 3
 Concurrent Refinement Workers: 13
 Periodic GC: Disabled
Heap:
 garbage-first heap   total 159744K, used 63653K [0x0000000704600000, 0x0000000800000000)
  region size 2048K, 24 young (49152K), 1 survivors (2048K)
 Metaspace       used 33242K, committed 33664K, reserved 1114112K
  class space    used 4289K, committed 4480K, reserved 1048576K
GC Heap History (14 events):
Event: 0.405 GC heap before
{Heap before GC invocations=0 (full 0):
 garbage-first heap   total 258048K, used 20480K [0x0000000704600000, 0x0000000800000000)
  region size 2048K, 11 young (22528K), 0 survivors (0K)
 Metaspace       used 4469K, committed 4672K, reserved 1114112K
  class space    used 501K, committed 576K, reserved 1048576K
}
Event: 0.408 GC heap after
{Heap after GC invocations=1 (full 0):
 garbage-first heap   total 258048K, used 7568K [0x0000000704600000, 0x0000000800000000)
  region size 2048K, 2 young (4096K), 2 survivors (4096K)
 Metaspace       used 4469K, committed 4672K, reserved 1114112K
  class space    used 501K, committed 576K, reserved 1048576K
}
Event: 0.668 GC heap before
{Heap before GC invocations=1 (full 0):
 garbage-first heap   total 258048K, used 26000K [0x0000000704600000, 0x0000000800000000)
  region size 2048K, 12 young (24576K), 2 survivors (4096K)
 Metaspace       used 8680K, committed 8960K, reserved 1114112K
  class space    used 1065K, committed 1216K, reserved 1048576K
}
Event: 0.671 GC heap after
{Heap after GC invocations=2 (full 0):
 garbage-first heap   total 258048K, used 9194K [0x0000000704600000, 0x0000000800000000)
  region size 2048K, 1 young (2048K), 1 survivors (2048K)
 Metaspace       used 8680K, committed 8960K, reserved 1114112K
  class space    used 1065K, committed 1216K, reserved 1048576K
}
Event: 1.058 GC heap before
{Heap before GC invocations=2 (full 0):
 garbage-first heap   total 258048K, used 56298K [0x0000000704600000, 0x0000000800000000)
  region size 2048K, 25 young (51200K), 1 survivors (2048K)
 Metaspace       used 19951K, committed 20160K, reserved 1114112K
  class space    used 2482K, committed 2560K, reserved 1048576K
}
Event: 1.062 GC heap after
{Heap after GC invocations=3 (full 0):
 garbage-first heap   total 258048K, used 13208K [0x0000000704600000, 0x0000000800000000)
  region size 2048K, 3 young (6144K), 3 survivors (6144K)
 Metaspace       used 19951K, committed 20160K, reserved 1114112K
  class space    used 2482K, committed 2560K, reserved 1048576K
}
Event: 1.102 GC heap before
{Heap before GC invocations=3 (full 0):
 garbage-first heap   total 258048K, used 19352K [0x0000000704600000, 0x0000000800000000)
  region size 2048K, 7 young (14336K), 3 survivors (6144K)
 Metaspace       used 21322K, committed 21504K, reserved 1114112K
  class space    used 2674K, committed 2752K, reserved 1048576K
}
Event: 1.105 GC heap after
{Heap after GC invocations=4 (full 0):
 garbage-first heap   total 258048K, used 13717K [0x0000000704600000, 0x0000000800000000)
  region size 2048K, 3 young (6144K), 3 survivors (6144K)
 Metaspace       used 21322K, committed 21504K, reserved 1114112K
  class space    used 2674K, committed 2752K, reserved 1048576K
}
Event: 1.439 GC heap before
{Heap before GC invocations=5 (full 0):
 garbage-first heap   total 61440K, used 44437K [0x0000000704600000, 0x0000000800000000)
  region size 2048K, 19 young (38912K), 3 survivors (6144K)
 Metaspace       used 24971K, committed 25280K, reserved 1114112K
  class space    used 3109K, committed 3264K, reserved 1048576K
}
Event: 1.443 GC heap after
{Heap after GC invocations=6 (full 0):
 garbage-first heap   total 61440K, used 17361K [0x0000000704600000, 0x0000000800000000)
  region size 2048K, 3 young (6144K), 3 survivors (6144K)
 Metaspace       used 24971K, committed 25280K, reserved 1114112K
  class space    used 3109K, committed 3264K, reserved 1048576K
}
Event: 1.459 GC heap before
{Heap before GC invocations=6 (full 0):
 garbage-first heap   total 61440K, used 19409K [0x0000000704600000, 0x0000000800000000)
  region size 2048K, 4 young (8192K), 3 survivors (6144K)
 Metaspace       used 25091K, committed 25408K, reserved 1114112K
  class space    used 3117K, committed 3264K, reserved 1048576K
}
Event: 1.462 GC heap after
{Heap after GC invocations=7 (full 0):
 garbage-first heap   total 61440K, used 17823K [0x0000000704600000, 0x0000000800000000)
  region size 2048K, 1 young (2048K), 1 survivors (2048K)
 Metaspace       used 25091K, committed 25408K, reserved 1114112K
  class space    used 3117K, committed 3264K, reserved 1048576K
}
Event: 1.686 GC heap before
{Heap before GC invocations=7 (full 0):
 garbage-first heap   total 61440K, used 40351K [0x0000000704600000, 0x0000000800000000)
  region size 2048K, 12 young (24576K), 1 survivors (2048K)
 Metaspace       used 27298K, committed 27648K, reserved 1114112K
  class space    used 3414K, committed 3584K, reserved 1048576K
}
Event: 1.688 GC heap after
{Heap after GC invocations=8 (full 0):
 garbage-first heap   total 159744K, used 18597K [0x0000000704600000, 0x0000000800000000)
  region size 2048K, 1 young (2048K), 1 survivors (2048K)
 Metaspace       used 27298K, committed 27648K, reserved 1114112K
  class space    used 3414K, committed 3584K, reserved 1048576K
}

